2025-10-07 23:15:08,822 - __main__ - INFO - Processing new config ...
2025-10-07 23:15:08,822 - __main__ - INFO - Processed config for environment BlockedUnlockPickupEnv
2025-10-07 23:15:08,822 - __main__ - INFO - Converting to probabilistic storm model ...
2025-10-07 23:15:12,210 - __main__ - INFO - Model for environment BlockedUnlockPickupEnv loaded to storm successfully.
2025-10-07 23:15:12,211 - __main__ - INFO - Processing new config ...
2025-10-07 23:15:12,211 - __main__ - INFO - Processed config for environment CrossingEnv
2025-10-07 23:15:12,211 - __main__ - INFO - Converting to probabilistic storm model ...
2025-10-07 23:15:13,225 - __main__ - INFO - Model for environment CrossingEnv loaded to storm successfully.
2025-10-07 23:15:13,225 - __main__ - INFO - Processing new config ...
2025-10-07 23:15:13,225 - __main__ - INFO - Processed config for environment DistShiftEnv
2025-10-07 23:15:13,226 - __main__ - INFO - Converting to probabilistic storm model ...
2025-10-07 23:15:13,822 - __main__ - INFO - Model for environment DistShiftEnv loaded to storm successfully.
2025-10-07 23:15:13,822 - __main__ - INFO - Processing new config ...
2025-10-07 23:15:13,822 - __main__ - INFO - Processed config for environment DoorKeyEnv
2025-10-07 23:15:13,823 - __main__ - INFO - Converting to probabilistic storm model ...
2025-10-07 23:15:20,587 - __main__ - INFO - Model for environment DoorKeyEnv loaded to storm successfully.
2025-10-07 23:15:20,588 - __main__ - INFO - Processing new config ...
2025-10-07 23:15:20,588 - __main__ - INFO - Processed config for environment FetchEnv
2025-10-07 23:15:20,588 - __main__ - INFO - Converting to probabilistic storm model ...
2025-10-07 23:15:26,677 - __main__ - INFO - Model for environment FetchEnv loaded to storm successfully.
2025-10-07 23:15:26,677 - __main__ - INFO - Processing new config ...
2025-10-07 23:15:26,677 - __main__ - INFO - Processed config for environment FourRoomsEnv
2025-10-07 23:15:26,678 - __main__ - INFO - Converting to probabilistic storm model ...
2025-10-07 23:15:40,191 - __main__ - INFO - Model for environment FourRoomsEnv loaded to storm successfully.
2025-10-07 23:15:40,191 - __main__ - INFO - Processing new config ...
2025-10-07 23:15:40,191 - __main__ - INFO - Processed config for environment GoToDoorEnv
2025-10-07 23:15:40,192 - __main__ - INFO - Converting to probabilistic storm model ...
2025-10-07 23:15:40,489 - __main__ - INFO - Model for environment GoToDoorEnv loaded to storm successfully.
2025-10-07 23:15:40,489 - __main__ - INFO - Processing new config ...
2025-10-07 23:15:40,489 - __main__ - INFO - Processed config for environment GoToObjectEnv
2025-10-07 23:15:40,489 - __main__ - INFO - Converting to probabilistic storm model ...
2025-10-07 23:15:41,001 - __main__ - INFO - Model for environment GoToObjectEnv loaded to storm successfully.
2025-10-07 23:15:41,001 - __main__ - INFO - Processing new config ...
2025-10-07 23:15:41,001 - __main__ - INFO - Processed config for environment KeyCorridorEnv
2025-10-07 23:15:41,001 - __main__ - INFO - Converting to probabilistic storm model ...
2025-10-07 23:15:46,948 - __main__ - INFO - Model for environment KeyCorridorEnv loaded to storm successfully.
2025-10-07 23:15:46,948 - __main__ - INFO - Processing new config ...
2025-10-07 23:15:46,948 - __main__ - INFO - Processed config for environment lavagap_small
2025-10-07 23:15:46,948 - __main__ - INFO - Converting to probabilistic storm model ...
2025-10-07 23:15:47,053 - __main__ - INFO - Model for environment lavagap_small loaded to storm successfully.
2025-10-07 23:15:47,053 - __main__ - INFO - Processing new config ...
2025-10-07 23:15:47,053 - __main__ - INFO - Processed config for environment lavagap_noisy
2025-10-07 23:15:47,053 - __main__ - INFO - Converting to probabilistic storm model ...
2025-10-07 23:15:47,157 - __main__ - INFO - Model for environment lavagap_noisy loaded to storm successfully.
2025-10-07 23:15:47,157 - __main__ - INFO - Processing new config ...
2025-10-07 23:15:47,158 - __main__ - INFO - Processed config for environment MemoryEnv
2025-10-07 23:15:47,158 - __main__ - INFO - Converting to probabilistic storm model ...
2025-10-07 23:15:48,285 - __main__ - INFO - Model for environment MemoryEnv loaded to storm successfully.
2025-10-07 23:15:48,285 - __main__ - INFO - Processing new config ...
2025-10-07 23:15:48,285 - __main__ - INFO - Processed config for environment MultiRoomEnv
2025-10-07 23:15:48,286 - __main__ - INFO - Converting to probabilistic storm model ...
2025-10-07 23:15:48,484 - __main__ - INFO - Model for environment MultiRoomEnv loaded to storm successfully.
2025-10-07 23:15:48,484 - __main__ - INFO - Processing new config ...
2025-10-07 23:15:48,484 - __main__ - INFO - Processed config for environment RedBlueDoorEnv
2025-10-07 23:15:48,485 - __main__ - INFO - Converting to probabilistic storm model ...
2025-10-07 23:16:04,150 - __main__ - INFO - Model for environment RedBlueDoorEnv loaded to storm successfully.
2025-10-07 23:16:04,150 - __main__ - INFO - Processing new config ...
2025-10-07 23:16:04,150 - __main__ - INFO - Processed config for environment UnlockEnv
2025-10-07 23:16:04,150 - __main__ - INFO - Converting to probabilistic storm model ...
2025-10-07 23:16:04,823 - __main__ - INFO - Model for environment UnlockEnv loaded to storm successfully.
2025-10-07 23:16:04,823 - __main__ - INFO - Processing new config ...
2025-10-07 23:16:04,823 - __main__ - INFO - Processed config for environment UnlockPickupEnv
2025-10-07 23:16:04,823 - __main__ - INFO - Converting to probabilistic storm model ...
2025-10-07 23:16:17,222 - __main__ - INFO - Model for environment UnlockPickupEnv loaded to storm successfully.
2025-10-07 23:16:17,222 - __main__ - INFO - 
=== SUMMARY ===
2025-10-07 23:16:17,222 - __main__ - INFO - Successful environments (16): ['BlockedUnlockPickupEnv', 'CrossingEnv', 'DistShiftEnv', 'DoorKeyEnv', 'FetchEnv', 'FourRoomsEnv', 'GoToDoorEnv', 'GoToObjectEnv', 'KeyCorridorEnv', 'lavagap_small', 'lavagap_noisy', 'MemoryEnv', 'MultiRoomEnv', 'RedBlueDoorEnv', 'UnlockEnv', 'UnlockPickupEnv']
2025-10-07 23:16:17,222 - __main__ - INFO - Failed environments (0):
